<?xml version="1.0" encoding="UTF-8" ?>
<testsuite tests="16" failures="0" name="capitaly.players.PlayerTest" time="0.001" errors="0" skipped="0">
  <properties>
    <property name="java.runtime.name" value="Java(TM) SE Runtime Environment"/>
    <property name="java.vm.version" value="14+36-1461"/>
    <property name="sun.boot.library.path" value="/Library/Java/JavaVirtualMachines/jdk-14.jdk/Contents/Home/lib"/>
    <property name="maven.multiModuleProjectDirectory" value="/Users/dori/Egyetem/prog_tech/capitaly"/>
    <property name="java.vm.vendor" value="Oracle Corporation"/>
    <property name="java.vendor.url" value="https://java.oracle.com/"/>
    <property name="guice.disable.misplaced.annotation.check" value="true"/>
    <property name="path.separator" value=":"/>
    <property name="java.vm.name" value="Java HotSpot(TM) 64-Bit Server VM"/>
    <property name="user.country" value="HU"/>
    <property name="sun.java.launcher" value="SUN_STANDARD"/>
    <property name="test" value="capitaly.players.**.*Test"/>
    <property name="java.vm.specification.name" value="Java Virtual Machine Specification"/>
    <property name="user.dir" value="/Users/dori/Egyetem/prog_tech/capitaly"/>
    <property name="java.vm.compressedOopsMode" value="Zero based"/>
    <property name="java.runtime.version" value="14+36-1461"/>
    <property name="os.arch" value="x86_64"/>
    <property name="java.io.tmpdir" value="/var/folders/tg/2x3kb3m165vcjt3v5xq4b5w80000gn/T/"/>
    <property name="line.separator" value="
"/>
    <property name="java.vm.specification.vendor" value="Oracle Corporation"/>
    <property name="os.name" value="Mac OS X"/>
    <property name="maven.ext.class.path" value="/Applications/NetBeans/Apache NetBeans 12.2.app/Contents/Resources/NetBeans/netbeans/java/maven-nblib/netbeans-eventspy.jar"/>
    <property name="classworlds.conf" value="/Applications/NetBeans/Apache NetBeans 12.2.app/Contents/Resources/NetBeans/netbeans/java/maven/bin/m2.conf"/>
    <property name="sun.jnu.encoding" value="UTF-8"/>
    <property name="java.library.path" value="/Users/dori/Library/Java/Extensions:/Library/Java/Extensions:/Network/Library/Java/Extensions:/System/Library/Java/Extensions:/usr/lib/java:."/>
    <property name="maven.conf" value="/Applications/NetBeans/Apache NetBeans 12.2.app/Contents/Resources/NetBeans/netbeans/java/maven/conf"/>
    <property name="jdk.debug" value="release"/>
    <property name="java.class.version" value="58.0"/>
    <property name="java.specification.name" value="Java Platform API Specification"/>
    <property name="sun.management.compiler" value="HotSpot 64-Bit Tiered Compilers"/>
    <property name="os.version" value="10.16"/>
    <property name="library.jansi.path" value="/Applications/NetBeans/Apache NetBeans 12.2.app/Contents/Resources/NetBeans/netbeans/java/maven/lib/jansi-native"/>
    <property name="http.nonProxyHosts" value="local|*.local|169.254/16|*.169.254/16"/>
    <property name="user.home" value="/Users/dori"/>
    <property name="user.timezone" value="Europe/Budapest"/>
    <property name="file.encoding" value="UTF-8"/>
    <property name="java.specification.version" value="14"/>
    <property name="user.name" value="dori"/>
    <property name="java.class.path" value="/Applications/NetBeans/Apache NetBeans 12.2.app/Contents/Resources/NetBeans/netbeans/java/maven/boot/plexus-classworlds-2.6.0.jar"/>
    <property name="java.vm.specification.version" value="14"/>
    <property name="sun.arch.data.model" value="64"/>
    <property name="sun.java.command" value="org.codehaus.plexus.classworlds.launcher.Launcher -Dtest=capitaly.players.**.*Test -Dmaven.ext.class.path=/Applications/NetBeans/Apache NetBeans 12.2.app/Contents/Resources/NetBeans/netbeans/java/maven-nblib/netbeans-eventspy.jar test-compile surefire:test"/>
    <property name="java.home" value="/Library/Java/JavaVirtualMachines/jdk-14.jdk/Contents/Home"/>
    <property name="user.language" value="en"/>
    <property name="java.specification.vendor" value="Oracle Corporation"/>
    <property name="java.vm.info" value="mixed mode, sharing"/>
    <property name="java.version" value="14"/>
    <property name="java.vendor" value="Oracle Corporation"/>
    <property name="maven.home" value="/Applications/NetBeans/Apache NetBeans 12.2.app/Contents/Resources/NetBeans/netbeans/java/maven"/>
    <property name="file.separator" value="/"/>
    <property name="java.version.date" value="2020-03-17"/>
    <property name="java.vendor.url.bug" value="https://bugreport.java.com/bugreport/"/>
    <property name="sun.io.unicode.encoding" value="UnicodeBig"/>
    <property name="sun.cpu.endian" value="little"/>
    <property name="socksNonProxyHosts" value="local|*.local|169.254/16|*.169.254/16"/>
    <property name="ftp.nonProxyHosts" value="local|*.local|169.254/16|*.169.254/16"/>
  </properties>
  <testcase classname="capitaly.players.PlayerTest" name="capitaly.players.PlayerTest.testGetName" time="0.001"/>
  <testcase classname="capitaly.players.PlayerTest" name="capitaly.players.PlayerTest.testGetPosition" time="0"/>
  <testcase classname="capitaly.players.PlayerTest" name="capitaly.players.PlayerTest.testSetPosition" time="0"/>
  <testcase classname="capitaly.players.PlayerTest" name="capitaly.players.PlayerTest.testGetBalance" time="0"/>
  <testcase classname="capitaly.players.PlayerTest" name="capitaly.players.PlayerTest.testSetBalance" time="0"/>
  <testcase classname="capitaly.players.PlayerTest" name="capitaly.players.PlayerTest.testGetRound" time="0"/>
  <testcase classname="capitaly.players.PlayerTest" name="capitaly.players.PlayerTest.testSetRound" time="0"/>
  <testcase classname="capitaly.players.PlayerTest" name="capitaly.players.PlayerTest.testGetIsInGame" time="0"/>
  <testcase classname="capitaly.players.PlayerTest" name="capitaly.players.PlayerTest.testSetIsInGame" time="0"/>
  <testcase classname="capitaly.players.PlayerTest" name="capitaly.players.PlayerTest.testGetProperties" time="0"/>
  <testcase classname="capitaly.players.PlayerTest" name="capitaly.players.PlayerTest.testSetProperties" time="0"/>
  <testcase classname="capitaly.players.PlayerTest" name="capitaly.players.PlayerTest.testGetStrategy" time="0"/>
  <testcase classname="capitaly.players.PlayerTest" name="capitaly.players.PlayerTest.testStartNewRound" time="0"/>
  <testcase classname="capitaly.players.PlayerTest" name="capitaly.players.PlayerTest.testRemoveProperties" time="0"/>
  <testcase classname="capitaly.players.PlayerTest" name="capitaly.players.PlayerTest.testAddProperty" time="0"/>
  <testcase classname="capitaly.players.PlayerTest" name="capitaly.players.PlayerTest.testChangeBalance" time="0"/>
</testsuite>